[seat-service] Installing dependencies...
bun install v1.3.10 (30e609e0)

+ socket.io@4.8.3

22 packages installed [73.00ms]
[seat-service] Running bun run dev...
$ bun --hot index.ts
[seat-service] WebSocket server running on port 3003
[seat-service] Client connected: 3VK9RSDFbFrzyymzAAAB
[seat-service] 3VK9RSDFbFrzyymzAAAB joined event cmnfurpkd0000v1f3rjskpc7v (total: 1)
[seat-service] Seat J-6 locked by session-1775088741666-jfy4h5 in event cmnfurpkd0000v1f3rjskpc7v
[seat-service] Client disconnected: 3VK9RSDFbFrzyymzAAAB
[seat-service] Client connected: opPbrH1qRMisnlkXAAAD
[seat-service] opPbrH1qRMisnlkXAAAD joined event cmnfurpkd0000v1f3rjskpc7v (total: 1)
[seat-service] Seat J-5 locked by session-1775088753611-nf0a96 in event cmnfurpkd0000v1f3rjskpc7v
[seat-service] Client disconnected: opPbrH1qRMisnlkXAAAD
[seat-service] Client connected: KsGTLj-ke_hiJOgWAAAF
[seat-service] KsGTLj-ke_hiJOgWAAAF joined event cmnfurpkd0000v1f3rjskpc7v (total: 1)
[seat-service] Client connected: qxYtnggN7rKlxtGRAAAH
[seat-service] qxYtnggN7rKlxtGRAAAH joined event cmnfurpkd0000v1f3rjskpc7v (total: 2)
[seat-service] Client disconnected: KsGTLj-ke_hiJOgWAAAF
[seat-service] Client disconnected: qxYtnggN7rKlxtGRAAAH
[seat-service] Client connected: 4mJhEwu7eRdpJXi-AAAJ
[seat-service] 4mJhEwu7eRdpJXi-AAAJ joined event cmnfurpkd0000v1f3rjskpc7v (total: 1)
[seat-service] Client connected: 82auGDl5j8uyXS6KAAAL
[seat-service] 82auGDl5j8uyXS6KAAAL joined event cmnfurpkd0000v1f3rjskpc7v (total: 2)
[seat-service] Client disconnected: 4mJhEwu7eRdpJXi-AAAJ
[seat-service] Client connected: zH4T7zN8CZLDxDq-AAAN
[seat-service] zH4T7zN8CZLDxDq-AAAN joined event cmnfurpkd0000v1f3rjskpc7v (total: 2)
[seat-service] Client disconnected: 82auGDl5j8uyXS6KAAAL
[seat-service] Client disconnected: zH4T7zN8CZLDxDq-AAAN
[seat-service] Client connected: XMk4gx9fCooVAPT3AAAP
[seat-service] XMk4gx9fCooVAPT3AAAP joined event cmnfurpkd0000v1f3rjskpc7v (total: 1)
[seat-service] Seat I-6 locked by session-1775100919183-ggifry in event cmnfurpkd0000v1f3rjskpc7v
[seat-service] Client disconnected: XMk4gx9fCooVAPT3AAAP
[seat-service] Client connected: D4e0ztxJDaLBxFaSAAAR
[seat-service] D4e0ztxJDaLBxFaSAAAR joined event cmnfurpkd0000v1f3rjskpc7v (total: 1)
[seat-service] Client disconnected: D4e0ztxJDaLBxFaSAAAR
[seat-service] Client connected: B5iN-ApPGRPXe2xUAAAT
[seat-service] B5iN-ApPGRPXe2xUAAAT joined event cmnfurpkd0000v1f3rjskpc7v (total: 1)
[seat-service] Client disconnected: B5iN-ApPGRPXe2xUAAAT
[seat-service] Client connected: T2gfZQG7T8_BGSI2AAAW
[seat-service] T2gfZQG7T8_BGSI2AAAW joined event cmngarb270002nkhbwbrtq7mn (total: 1)
[seat-service] Client disconnected: T2gfZQG7T8_BGSI2AAAW
[seat-service] Client connected: blyUcDIikPf48_MAAAAY
[seat-service] blyUcDIikPf48_MAAAAY joined event cmngarb270002nkhbwbrtq7mn (total: 1)
[seat-service] Client connected: OCDN9yizmbaj0_54AAAa
[seat-service] OCDN9yizmbaj0_54AAAa joined event cmngarb270002nkhbwbrtq7mn (total: 2)
[seat-service] Client disconnected: blyUcDIikPf48_MAAAAY
[seat-service] Client disconnected: OCDN9yizmbaj0_54AAAa
[seat-service] Client connected: L9mA2IqW5Yz7sMnvAAAc
[seat-service] L9mA2IqW5Yz7sMnvAAAc joined event cmngarb270002nkhbwbrtq7mn (total: 1)
[seat-service] Client connected: 3AkXpwcBFMhj5860AAAe
[seat-service] 3AkXpwcBFMhj5860AAAe joined event cmngarb270002nkhbwbrtq7mn (total: 2)
[seat-service] Client disconnected: L9mA2IqW5Yz7sMnvAAAc
[seat-service] Client connected: Kwq7j_XkSlaoOdG_AAAg
[seat-service] Kwq7j_XkSlaoOdG_AAAg joined event cmngarb270002nkhbwbrtq7mn (total: 2)
[seat-service] Client disconnected: 3AkXpwcBFMhj5860AAAe
[seat-service] Client connected: DfkC-BMsuYCSSnfOAAAi
[seat-service] DfkC-BMsuYCSSnfOAAAi joined event cmngarb270002nkhbwbrtq7mn (total: 2)
[seat-service] Client disconnected: Kwq7j_XkSlaoOdG_AAAg
[seat-service] Client connected: dteBhD8R2LS8QxFRAAAk
[seat-service] dteBhD8R2LS8QxFRAAAk joined event cmngarb270002nkhbwbrtq7mn (total: 2)
[seat-service] Client disconnected: DfkC-BMsuYCSSnfOAAAi
[seat-service] Client connected: cw5gA8rg5rngYYAVAAAm
[seat-service] cw5gA8rg5rngYYAVAAAm joined event cmngarb270002nkhbwbrtq7mn (total: 2)
[seat-service] Client disconnected: dteBhD8R2LS8QxFRAAAk
[seat-service] Seat A-4 locked by session-1775102885754-ekuv2h in event cmngarb270002nkhbwbrtq7mn
[seat-service] Seat B-4 locked by session-1775102885754-ekuv2h in event cmngarb270002nkhbwbrtq7mn
[seat-service] Client disconnected: cw5gA8rg5rngYYAVAAAm
[seat-service] Client connected: ZNqlkO8jeEduzXdlAAAo
[seat-service] Client disconnected: ZNqlkO8jeEduzXdlAAAo
[seat-service] Client connected: eTDbzcTXH3_m-qJZAAAq
[seat-service] eTDbzcTXH3_m-qJZAAAq joined event cmngarb270002nkhbwbrtq7mn (total: 1)
[seat-service] Client connected: cV2BnA6PpCVo-mSCAAAs
[seat-service] cV2BnA6PpCVo-mSCAAAs joined event cmngarb270002nkhbwbrtq7mn (total: 2)
[seat-service] Client disconnected: eTDbzcTXH3_m-qJZAAAq
[seat-service] Client connected: iWFEaHwe9dYwH6L4AAAu
[seat-service] iWFEaHwe9dYwH6L4AAAu joined event cmngarb270002nkhbwbrtq7mn (total: 2)
[seat-service] Client disconnected: cV2BnA6PpCVo-mSCAAAs
[seat-service] Client disconnected: iWFEaHwe9dYwH6L4AAAu
[seat-service] Client connected: C6BfAntMTx8IvsABAAAw
[seat-service] C6BfAntMTx8IvsABAAAw joined event cmngarbgt002ynkhb7yynljm1 (total: 1)
[seat-service] Client disconnected: C6BfAntMTx8IvsABAAAw
[seat-service] Client connected: 1JpLyqBZV-1oinzxAAAy
[seat-service] 1JpLyqBZV-1oinzxAAAy joined event cmngarb270002nkhbwbrtq7mn (total: 1)
[seat-service] Seat D-5 locked by session-1775104473393-dqod2t in event cmngarb270002nkhbwbrtq7mn
[seat-service] Client disconnected: 1JpLyqBZV-1oinzxAAAy
[seat-service] Client connected: U9mDl95yxcPf6ibnAAA0
[seat-service] U9mDl95yxcPf6ibnAAA0 joined event cmngarb270002nkhbwbrtq7mn (total: 1)
[seat-service] Seat I-7 locked by session-1775105727119-m9tm3n in event cmngarb270002nkhbwbrtq7mn
[seat-service] Seat I-8 locked by session-1775105727119-m9tm3n in event cmngarb270002nkhbwbrtq7mn
[seat-service] Client disconnected: U9mDl95yxcPf6ibnAAA0
[seat-service] Client connected: eN7SMpd8hFH49C6hAAA2
[seat-service] eN7SMpd8hFH49C6hAAA2 joined event cmngarb270002nkhbwbrtq7mn (total: 1)
[seat-service] Seat G-5 locked by session-1775106077757-tylc0u in event cmngarb270002nkhbwbrtq7mn
[seat-service] Seat G-4 locked by session-1775106077757-tylc0u in event cmngarb270002nkhbwbrtq7mn
[seat-service] Client connected: 0VlZ7zTKH3Uh55ALAAA4
[seat-service] 0VlZ7zTKH3Uh55ALAAA4 joined event cmngarb270002nkhbwbrtq7mn (total: 2)
[seat-service] Seat G-3 locked by session-1775106077757-tylc0u in event cmngarb270002nkhbwbrtq7mn
[seat-service] Seat H-3 locked by session-1775106077757-tylc0u in event cmngarb270002nkhbwbrtq7mn
[seat-service] Seat H-4 locked by session-1775106077757-tylc0u in event cmngarb270002nkhbwbrtq7mn
[seat-service] Seat H-5 locked by session-1775106077757-tylc0u in event cmngarb270002nkhbwbrtq7mn
[seat-service] Seat G-2 locked by session-1775106077757-tylc0u in event cmngarb270002nkhbwbrtq7mn
[seat-service] Client connected: vHM0_N3P_6aHwQJ6AAA6
[seat-service] vHM0_N3P_6aHwQJ6AAA6 joined event cmngarb270002nkhbwbrtq7mn (total: 3)
[seat-service] Client disconnected: eN7SMpd8hFH49C6hAAA2
[seat-service] Client connected: AUcAEJhoyxp7hdKNAAA8
[seat-service] AUcAEJhoyxp7hdKNAAA8 joined event cmngarb270002nkhbwbrtq7mn (total: 3)
[seat-service] Client disconnected: vHM0_N3P_6aHwQJ6AAA6
[seat-service] Client disconnected: 0VlZ7zTKH3Uh55ALAAA4
[seat-service] Client connected: w2tbTdIUZvKJYUW1AAA-
[seat-service] w2tbTdIUZvKJYUW1AAA- joined event cmngarb270002nkhbwbrtq7mn (total: 2)
[seat-service] Seat I-6 locked by session-1775106130247-d7gk29 in event cmngarb270002nkhbwbrtq7mn
[seat-service] Seat I-5 locked by session-1775106130247-d7gk29 in event cmngarb270002nkhbwbrtq7mn
[seat-service] Seat J-6 locked by session-1775106130247-d7gk29 in event cmngarb270002nkhbwbrtq7mn
[seat-service] Client connected: FdVgxNskyl0ZkaXvAABA
[seat-service] FdVgxNskyl0ZkaXvAABA joined event cmngarb270002nkhbwbrtq7mn (total: 3)
[seat-service] Client disconnected: AUcAEJhoyxp7hdKNAAA8
[seat-service] Seat I-4 locked by session-1775106143934-vta55p in event cmngarb270002nkhbwbrtq7mn
[seat-service] Client connected: 5fSzZ49M0Btvo4NMAABC
[seat-service] 5fSzZ49M0Btvo4NMAABC joined event cmngarb270002nkhbwbrtq7mn (total: 3)
[seat-service] Client disconnected: w2tbTdIUZvKJYUW1AAA-
[seat-service] Client connected: d_Fz7afAqArbROULAABE
[seat-service] d_Fz7afAqArbROULAABE joined event cmngarb270002nkhbwbrtq7mn (total: 3)
[seat-service] Client disconnected: 5fSzZ49M0Btvo4NMAABC
[seat-service] Seat I-3 locked by session-1775106143934-vta55p in event cmngarb270002nkhbwbrtq7mn
[seat-service] Seat J-3 locked by session-1775106143934-vta55p in event cmngarb270002nkhbwbrtq7mn
[seat-service] Seat I-2 locked by session-1775106143934-vta55p in event cmngarb270002nkhbwbrtq7mn
[seat-service] Seat J-2 locked by session-1775106143934-vta55p in event cmngarb270002nkhbwbrtq7mn
[seat-service] Seat J-1 locked by session-1775106143934-vta55p in event cmngarb270002nkhbwbrtq7mn
[seat-service] Seat I-1 locked by session-1775106143934-vta55p in event cmngarb270002nkhbwbrtq7mn
[seat-service] Seat E-7 locked by session-1775106180130-b336r2 in event cmngarb270002nkhbwbrtq7mn
[seat-service] Client disconnected: d_Fz7afAqArbROULAABE
[seat-service] Client connected: 2ua6cajo5y1KNL65AABG
[seat-service] 2ua6cajo5y1KNL65AABG joined event cmngarb270002nkhbwbrtq7mn (total: 2)
[seat-service] Client disconnected: 2ua6cajo5y1KNL65AABG
[seat-service] Client disconnected: FdVgxNskyl0ZkaXvAABA
[seat-service] Client connected: JoTcBM3Td2B79M3UAABI
[seat-service] JoTcBM3Td2B79M3UAABI joined event cmngarb270002nkhbwbrtq7mn (total: 1)
[seat-service] Client connected: A2ujSjiZ0B0aUye2AABK
[seat-service] A2ujSjiZ0B0aUye2AABK joined event cmngarb270002nkhbwbrtq7mn (total: 2)
[seat-service] Seat J-4 locked by session-1775106421970-ba2gfk in event cmngarb270002nkhbwbrtq7mn
[seat-service] Client disconnected: A2ujSjiZ0B0aUye2AABK
[seat-service] Client connected: sfVHh50_aBml6-vaAABM
[seat-service] sfVHh50_aBml6-vaAABM joined event cmngarb270002nkhbwbrtq7mn (total: 2)
[seat-service] Seat J-7 locked by session-1775106673273-gbg14m in event cmngarb270002nkhbwbrtq7mn
[seat-service] Seat I-7 locked by session-1775106673273-gbg14m in event cmngarb270002nkhbwbrtq7mn
[seat-service] Seat I-8 locked by session-1775106673273-gbg14m in event cmngarb270002nkhbwbrtq7mn
[seat-service] Seat J-8 locked by session-1775106673273-gbg14m in event cmngarb270002nkhbwbrtq7mn
[seat-service] Client disconnected: sfVHh50_aBml6-vaAABM
[seat-service] Client connected: 5Rc7g4DdBnu4MzFtAABO
[seat-service] 5Rc7g4DdBnu4MzFtAABO joined event cmngarb270002nkhbwbrtq7mn (total: 2)
[seat-service] Client disconnected: 5Rc7g4DdBnu4MzFtAABO
[seat-service] Seat I-6 locked by session-1775106421718-5s3ck3 in event cmngarb270002nkhbwbrtq7mn
[seat-service] Seat I-5 locked by session-1775106421718-5s3ck3 in event cmngarb270002nkhbwbrtq7mn
[seat-service] Seat I-4 locked by session-1775106421718-5s3ck3 in event cmngarb270002nkhbwbrtq7mn
[seat-service] Seat H-5 locked by session-1775106421718-5s3ck3 in event cmngarb270002nkhbwbrtq7mn
[seat-service] Client connected: 5j9ZUa9DfeOAllouAABQ
[seat-service] 5j9ZUa9DfeOAllouAABQ joined event cmngarb270002nkhbwbrtq7mn (total: 2)
[seat-service] Client connected: VRWF_VwxTrIJT1v6AABS
[seat-service] VRWF_VwxTrIJT1v6AABS joined event cmngarb270002nkhbwbrtq7mn (total: 3)
[seat-service] Client disconnected: 5j9ZUa9DfeOAllouAABQ
[seat-service] WebSocket server running on port 3003
[seat-service] Client disconnected: VRWF_VwxTrIJT1v6AABS
[seat-service] Client connected: iBKyKBNlK8vTMXGlAAAB
[seat-service] iBKyKBNlK8vTMXGlAAAB joined event cmngarb270002nkhbwbrtq7mn (total: 1)
[seat-service] Client disconnected: iBKyKBNlK8vTMXGlAAAB
[seat-service] Client connected: _vhSgOCBTtJK5bKHAAAD
[seat-service] _vhSgOCBTtJK5bKHAAAD joined event cmngarb270002nkhbwbrtq7mn (total: 1)
[seat-service] Client disconnected: _vhSgOCBTtJK5bKHAAAD
[seat-service] Client connected: SR54FxrfiR1HsjzZAAAF
[seat-service] SR54FxrfiR1HsjzZAAAF joined event cmngarb270002nkhbwbrtq7mn (total: 1)
error: script "dev" was terminated by signal SIGTERM (Polite quit request)
